2026-02-22 23:19:59,432 [INFO] === Starting Phase 2: ML Model Training ===
2026-02-22 23:19:59,432 [INFO] Loading Data Sources...
2026-02-22 23:20:03,088 [INFO] Extracting Structural Features from Directed Graph...
2026-02-22 23:20:03,499 [INFO] Joining datasets...
2026-02-22 23:20:03,510 [INFO] Final Joined Matrix Shape: (20000, 147)
2026-02-22 23:20:03,510 [INFO] Performing strict Time-Based Split (sort by TransactionDT)...
2026-02-22 23:20:03,530 [INFO] Initializing XGBoost...
2026-02-22 23:20:03,531 [INFO] Training XGBoost...
2026-02-22 23:20:06,978 [INFO] Saving Model Configuration to /home/ubuntu/Graph/graph1/ieee-fraud-detection/phase2/artifacts/phase2_config.json...
2026-02-22 23:20:06,979 [INFO] Saving Model Artifact to /home/ubuntu/Graph/graph1/ieee-fraud-detection/phase2/artifacts/phase2_model.json...
2026-02-22 23:20:06,988 [INFO] Evaluating predictions on Validation & Test Sets...
2026-02-22 23:20:07,025 [INFO] Phase 2 ML Model (Validation) - PR-AUC: 0.1124, ROC-AUC: 0.7163
2026-02-22 23:20:07,035 [INFO] Phase 1 Baseline (Validation) - PR-AUC: 0.0277, ROC-AUC: 0.3746
2026-02-22 23:20:07,044 [INFO] Phase 2 ML Model (Test) - PR-AUC: 0.1084, ROC-AUC: 0.6745
2026-02-22 23:20:07,052 [INFO] Phase 1 Baseline (Test) - PR-AUC: 0.0347, ROC-AUC: 0.5072
2026-02-22 23:20:07,053 [INFO] Generating Visualizations...
2026-02-22 23:20:07,488 [INFO] === Phase 2 ML Training Complete ===
2026-02-22 23:23:10,091 [INFO] === Starting Phase 2: ML Model Training ===
2026-02-22 23:23:10,091 [INFO] Loading Data Sources...
2026-02-22 23:23:13,887 [INFO] Extracting Structural Features from Directed Graph...
2026-02-22 23:23:14,437 [INFO] Joining datasets...
2026-02-22 23:23:14,449 [INFO] Final Joined Matrix Shape: (20000, 147)
2026-02-22 23:23:14,449 [INFO] Performing strict Time-Based Split (sort by TransactionDT)...
2026-02-22 23:23:14,469 [INFO] Initializing XGBoost...
2026-02-22 23:23:14,470 [INFO] Training XGBoost...
2026-02-22 23:23:17,842 [INFO] Saving Model Configuration to /home/ubuntu/graph1/phase2/artifacts/phase2_config.json...
2026-02-22 23:23:17,844 [INFO] Saving Model Artifact to /home/ubuntu/graph1/phase2/artifacts/phase2_model.json...
2026-02-22 23:23:17,852 [INFO] Evaluating predictions on Validation & Test Sets...
2026-02-22 23:23:17,889 [INFO] Phase 2 ML Model (Validation) - PR-AUC: 0.1124, ROC-AUC: 0.7163
2026-02-22 23:23:17,899 [INFO] Phase 1 Baseline (Validation) - PR-AUC: 0.0277, ROC-AUC: 0.3746
2026-02-22 23:23:17,907 [INFO] Phase 2 ML Model (Test) - PR-AUC: 0.1084, ROC-AUC: 0.6745
2026-02-22 23:23:17,916 [INFO] Phase 1 Baseline (Test) - PR-AUC: 0.0347, ROC-AUC: 0.5072
2026-02-22 23:23:17,916 [INFO] Generating Visualizations...
2026-02-22 23:23:18,355 [INFO] === Phase 2 ML Training Complete ===
2026-02-22 23:29:33,953 [INFO] === Starting Phase 2: ML Model Training ===
2026-02-22 23:29:33,953 [INFO] Loading Data Sources...
2026-02-22 23:29:37,649 [INFO] Extracting Structural Features from Directed Graph...
2026-02-22 23:29:38,065 [INFO] Joining datasets...
2026-02-22 23:29:38,076 [INFO] Final Joined Matrix Shape: (20000, 147)
2026-02-22 23:29:38,076 [INFO] Performing strict Time-Based Split (sort by TransactionDT)...
2026-02-22 23:29:38,095 [INFO] Initializing XGBoost...
2026-02-22 23:29:38,096 [INFO] Training XGBoost...
2026-02-22 23:29:41,372 [INFO] Saving Model Configuration to /home/ubuntu/Graph/graph1/ieee-fraud-detection/phase2/artifacts/phase2_config.json...
2026-02-22 23:29:41,373 [INFO] Saving Model Artifact to /home/ubuntu/Graph/graph1/ieee-fraud-detection/phase2/artifacts/phase2_model.json...
2026-02-22 23:29:41,383 [INFO] Evaluating predictions on Validation & Test Sets...
2026-02-22 23:29:41,417 [INFO] Phase 2 ML Model (Validation) - PR-AUC: 0.1124, ROC-AUC: 0.7163
2026-02-22 23:29:41,427 [INFO] Phase 1 Baseline (Validation) - PR-AUC: 0.0277, ROC-AUC: 0.3746
2026-02-22 23:29:41,436 [INFO] Phase 2 ML Model (Test) - PR-AUC: 0.1084, ROC-AUC: 0.6745
2026-02-22 23:29:41,445 [INFO] Phase 1 Baseline (Test) - PR-AUC: 0.0347, ROC-AUC: 0.5072
2026-02-22 23:29:41,445 [INFO] Generating Visualizations...
2026-02-22 23:29:41,878 [INFO] === Phase 2 ML Training Complete ===
