2026-02-25 17:00:28,937 [INFO] === Starting Advanced Feature Engineering ===
2026-02-25 17:00:28,938 [INFO] Loading Phase 0 data...
2026-02-25 17:00:29,719 [INFO] Building Property Graph...
2026-02-25 17:00:32,619 [INFO] Calculating Global Node Metrics (Undirected)...
2026-02-25 17:00:33,207 [INFO]  - Degree Centrality
2026-02-25 17:00:33,244 [INFO]  - PageRank
2026-02-25 17:00:33,520 [INFO]  - Eigenvector Centrality
2026-02-25 17:00:33,520 [WARNING] Eigenvector failed to converge, defaulting to 0
2026-02-25 17:00:33,520 [INFO]  - Clustering Coefficient
2026-02-25 17:01:04,368 [INFO] === Starting Advanced Feature Engineering ===
2026-02-25 17:01:04,368 [INFO] Loading Phase 0 data...
2026-02-25 17:01:05,135 [INFO] Building Property Graph...
2026-02-25 17:01:08,305 [INFO] Calculating Global Node Metrics (Undirected)...
2026-02-25 17:01:09,011 [INFO]  - Degree Centrality
2026-02-25 17:01:09,059 [INFO]  - PageRank
2026-02-25 17:01:09,433 [INFO]  - Eigenvector Centrality
2026-02-25 17:01:09,433 [WARNING] Eigenvector failed to converge, defaulting to 0
2026-02-25 17:01:09,433 [INFO]  - Clustering Coefficient
2026-02-25 17:01:16,675 [INFO] Iterating chronologically to build time-safe features...
2026-02-25 17:01:20,288 [INFO] Processed 5000/20000 transactions...
2026-02-25 17:01:27,064 [INFO] Processed 10000/20000 transactions...
2026-02-25 17:01:36,336 [INFO] Processed 15000/20000 transactions...
2026-02-25 17:01:47,614 [INFO] Feature extraction complete in 30.94 seconds.
2026-02-25 17:01:47,682 [INFO] Saving 20000 rows x 18 features to /home/ubuntu/Graph/graph1/ieee-fraud-detection/phase2_v2/artifacts/advanced_features.parquet
2026-02-25 17:01:47,715 [INFO] === Advanced Feature Engineering Complete ===
