2026-02-25 17:49:02,656 [INFO] === Starting Phase 2 V2 Model Training ===
2026-02-25 17:49:02,656 [INFO] Loading features from /home/ubuntu/Graph/graph1/ieee-fraud-detection/phase2_v2/artifacts/advanced_features.parquet
2026-02-25 17:49:02,673 [INFO] Loading embeddings from /home/ubuntu/Graph/graph1/ieee-fraud-detection/phase2_v2/artifacts/tx_embeddings_v2.parquet
2026-02-25 17:49:03,752 [INFO] Merging features, embeddings, and labels...
2026-02-25 17:49:03,758 [INFO] Merged Dataset Shape: (20000, 276)
2026-02-25 17:49:03,758 [INFO] Creating manual interaction features...
2026-02-25 17:49:03,760 [INFO] Standardizing continuous features...
2026-02-25 17:49:03,996 [INFO] Implementing strict time-based split...
2026-02-25 17:49:04,009 [INFO] Train Split: 14000 rows, Fraud Rate: 0.0271
2026-02-25 17:49:04,009 [INFO] Val Split: 3000 rows, Fraud Rate: 0.0287
2026-02-25 17:49:04,009 [INFO] Test Split: 3000 rows, Fraud Rate: 0.0320
2026-02-25 17:49:04,009 [INFO] Calculated scale_pos_weight: 35.84
2026-02-25 17:49:04,009 [INFO] Training XGBoost Model with Early Stopping...
2026-02-25 17:49:48,279 [INFO] === Starting Phase 2 V2 Model Training ===
2026-02-25 17:49:48,279 [INFO] Loading features from /home/ubuntu/Graph/graph1/ieee-fraud-detection/phase2_v2/artifacts/advanced_features.parquet
2026-02-25 17:49:48,295 [INFO] Loading embeddings from /home/ubuntu/Graph/graph1/ieee-fraud-detection/phase2_v2/artifacts/tx_embeddings_v2.parquet
2026-02-25 17:49:49,378 [INFO] Merging features, embeddings, and labels...
2026-02-25 17:49:49,383 [INFO] Merged Dataset Shape: (20000, 276)
2026-02-25 17:49:49,383 [INFO] Creating manual interaction features...
2026-02-25 17:49:49,386 [INFO] Standardizing continuous features...
2026-02-25 17:49:49,639 [INFO] Implementing strict time-based split...
2026-02-25 17:49:49,650 [INFO] Train Split: 14000 rows, Fraud Rate: 0.0271
2026-02-25 17:49:49,651 [INFO] Val Split: 3000 rows, Fraud Rate: 0.0287
2026-02-25 17:49:49,651 [INFO] Test Split: 3000 rows, Fraud Rate: 0.0320
2026-02-25 17:49:49,651 [INFO] Calculated scale_pos_weight: 35.84
2026-02-25 17:49:49,651 [INFO] Training XGBoost Model with Early Stopping...
2026-02-25 17:49:53,004 [INFO] Best Iteration: 30
2026-02-25 17:49:53,004 [INFO] Best Score: 0.19717656256859173
2026-02-25 17:49:53,004 [INFO] Saving model to /home/ubuntu/Graph/graph1/ieee-fraud-detection/phase2_v2/artifacts/xgboost_v2.model
2026-02-25 17:49:53,009 [INFO] === Phase 2 V2 Model Training Complete ===
